<?xml version="1.0" encoding="UTF-8"?>
<testng-results skipped="0" failed="0" ignored="0" total="0" passed="0">
  <reporter-output>
  </reporter-output>
  <suite name="Default suite" duration-ms="387" started-at="2020-06-08T21:43:37Z" finished-at="2020-06-08T21:43:38Z">
    <groups>
      <group name="cucumber">
        <method signature="AbstractTestNGCucumberTests.feature(cucumber.api.testng.CucumberFeatureWrapper)[pri:0, instance:com.careerhack.testrunners.TestRunner@71c8becc]" name="feature" class="cucumber.api.testng.AbstractTestNGCucumberTests"/>
      </group> <!-- cucumber -->
    </groups>
    <test name="Default test" duration-ms="387" started-at="2020-06-08T21:43:37Z" finished-at="2020-06-08T21:43:38Z">
      <class name="com.careerhack.testrunners.TestRunner">
        <test-method status="PASS" signature="setUpClass()[pri:0, instance:com.careerhack.testrunners.TestRunner@71c8becc]" name="setUpClass" is-config="true" duration-ms="267" started-at="2020-06-08T21:43:37Z" finished-at="2020-06-08T21:43:38Z">
          <reporter-output>
          </reporter-output>
        </test-method> <!-- setUpClass -->
        <test-method status="PASS" signature="tearDownClass()[pri:0, instance:com.careerhack.testrunners.TestRunner@71c8becc]" name="tearDownClass" is-config="true" duration-ms="15" started-at="2020-06-08T21:43:38Z" finished-at="2020-06-08T21:43:38Z">
          <reporter-output>
          </reporter-output>
        </test-method> <!-- tearDownClass -->
      </class> <!-- com.careerhack.testrunners.TestRunner -->
    </test> <!-- Default test -->
  </suite> <!-- Default suite -->
</testng-results>
